<?xml version="1.0" encoding="UTF-8"?>
<!-- Generated by org.testng.reporters.JUnitReportReporter -->
<testsuite hostname="DESKTOP-V5K9GH7" failures="0" tests="1" name="sample_annotations.SampleTest" time="0.023" errors="0" timestamp="2024-09-11T10:15:26 IST" skipped="0">
  <testcase classname="sample_annotations.SampleTest" name="add" time="0.023"/>
  <system-out/>
</testsuite> <!-- sample_annotations.SampleTest -->
